{"/Users/meganlaw/Downloads/sum/app.js": {"path":"/Users/meganlaw/Downloads/sum/app.js","statementMap":{"0":{"start":{"line":2,"column":13},"end":{"line":2,"column":28}},"1":{"start":{"line":3,"column":16},"end":{"line":3,"column":34}},"2":{"start":{"line":7,"column":11},"end":{"line":7,"column":24}},"3":{"start":{"line":8,"column":13},"end":{"line":8,"column":28}},"4":{"start":{"line":10,"column":16},"end":{"line":10,"column":40}},"5":{"start":{"line":11,"column":15},"end":{"line":11,"column":32}},"6":{"start":{"line":12,"column":23},"end":{"line":12,"column":49}},"7":{"start":{"line":13,"column":16},"end":{"line":13,"column":42}},"8":{"start":{"line":14,"column":19},"end":{"line":14,"column":41}},"9":{"start":{"line":15,"column":15},"end":{"line":15,"column":32}},"10":{"start":{"line":16,"column":21},"end":{"line":16,"column":44}},"11":{"start":{"line":17,"column":13},"end":{"line":17,"column":56}},"12":{"start":{"line":18,"column":17},"end":{"line":18,"column":33}},"13":{"start":{"line":19,"column":15},"end":{"line":19,"column":44}},"14":{"start":{"line":20,"column":12},"end":{"line":20,"column":21}},"15":{"start":{"line":21,"column":14},"end":{"line":21,"column":42}},"16":{"start":{"line":23,"column":0},"end":{"line":23,"column":48}},"17":{"start":{"line":24,"column":0},"end":{"line":24,"column":30}},"18":{"start":{"line":25,"column":0},"end":{"line":25,"column":57}},"19":{"start":{"line":27,"column":0},"end":{"line":29,"column":5}},"20":{"start":{"line":28,"column":4},"end":{"line":28,"column":65}},"21":{"start":{"line":30,"column":0},"end":{"line":32,"column":5}},"22":{"start":{"line":31,"column":4},"end":{"line":31,"column":69}},"23":{"start":{"line":33,"column":0},"end":{"line":33,"column":69}},"24":{"start":{"line":34,"column":0},"end":{"line":34,"column":23}},"25":{"start":{"line":35,"column":0},"end":{"line":35,"column":26}},"26":{"start":{"line":36,"column":0},"end":{"line":40,"column":4}},"27":{"start":{"line":41,"column":0},"end":{"line":41,"column":27}},"28":{"start":{"line":43,"column":0},"end":{"line":43,"column":48}},"29":{"start":{"line":44,"column":0},"end":{"line":44,"column":18}},"30":{"start":{"line":46,"column":0},"end":{"line":75,"column":5}},"31":{"start":{"line":47,"column":4},"end":{"line":47,"column":37}},"32":{"start":{"line":48,"column":4},"end":{"line":48,"column":31}},"33":{"start":{"line":49,"column":4},"end":{"line":49,"column":37}},"34":{"start":{"line":51,"column":23},"end":{"line":54,"column":5}},"35":{"start":{"line":56,"column":4},"end":{"line":74,"column":7}},"36":{"start":{"line":57,"column":6},"end":{"line":61,"column":7}},"37":{"start":{"line":58,"column":8},"end":{"line":58,"column":59}},"38":{"start":{"line":59,"column":8},"end":{"line":59,"column":25}},"39":{"start":{"line":60,"column":8},"end":{"line":60,"column":15}},"40":{"start":{"line":63,"column":23},"end":{"line":63,"column":39}},"41":{"start":{"line":64,"column":6},"end":{"line":64,"column":32}},"42":{"start":{"line":66,"column":6},"end":{"line":73,"column":9}},"43":{"start":{"line":67,"column":8},"end":{"line":72,"column":9}},"44":{"start":{"line":68,"column":10},"end":{"line":68,"column":64}},"45":{"start":{"line":69,"column":10},"end":{"line":69,"column":27}},"46":{"start":{"line":71,"column":10},"end":{"line":71,"column":59}},"47":{"start":{"line":77,"column":0},"end":{"line":107,"column":3}},"48":{"start":{"line":78,"column":4},"end":{"line":78,"column":36}},"49":{"start":{"line":79,"column":4},"end":{"line":79,"column":31}},"50":{"start":{"line":82,"column":17},"end":{"line":92,"column":6}},"51":{"start":{"line":95,"column":4},"end":{"line":106,"column":7}},"52":{"start":{"line":96,"column":8},"end":{"line":105,"column":9}},"53":{"start":{"line":97,"column":12},"end":{"line":97,"column":66}},"54":{"start":{"line":98,"column":12},"end":{"line":98,"column":29}},"55":{"start":{"line":100,"column":12},"end":{"line":104,"column":13}},"56":{"start":{"line":101,"column":16},"end":{"line":101,"column":55}},"57":{"start":{"line":103,"column":16},"end":{"line":103,"column":117}},"58":{"start":{"line":108,"column":0},"end":{"line":131,"column":5}},"59":{"start":{"line":109,"column":4},"end":{"line":121,"column":7}},"60":{"start":{"line":110,"column":8},"end":{"line":120,"column":11}},"61":{"start":{"line":122,"column":4},"end":{"line":130,"column":7}},"62":{"start":{"line":123,"column":6},"end":{"line":126,"column":7}},"63":{"start":{"line":124,"column":8},"end":{"line":124,"column":27}},"64":{"start":{"line":125,"column":8},"end":{"line":125,"column":52}},"65":{"start":{"line":128,"column":22},"end":{"line":128,"column":38}},"66":{"start":{"line":129,"column":6},"end":{"line":129,"column":24}},"67":{"start":{"line":133,"column":0},"end":{"line":150,"column":3}},"68":{"start":{"line":134,"column":19},"end":{"line":134,"column":36}},"69":{"start":{"line":135,"column":16},"end":{"line":135,"column":30}},"70":{"start":{"line":136,"column":21},"end":{"line":136,"column":40}},"71":{"start":{"line":137,"column":2},"end":{"line":137,"column":24}},"72":{"start":{"line":138,"column":19},"end":{"line":138,"column":58}},"73":{"start":{"line":139,"column":17},"end":{"line":139,"column":72}},"74":{"start":{"line":140,"column":2},"end":{"line":149,"column":5}},"75":{"start":{"line":141,"column":4},"end":{"line":145,"column":5}},"76":{"start":{"line":142,"column":6},"end":{"line":142,"column":23}},"77":{"start":{"line":143,"column":6},"end":{"line":143,"column":68}},"78":{"start":{"line":144,"column":6},"end":{"line":144,"column":13}},"79":{"start":{"line":147,"column":20},"end":{"line":147,"column":109}},"80":{"start":{"line":148,"column":4},"end":{"line":148,"column":22}},"81":{"start":{"line":155,"column":0},"end":{"line":157,"column":3}},"82":{"start":{"line":156,"column":4},"end":{"line":156,"column":28}},"83":{"start":{"line":159,"column":0},"end":{"line":159,"column":21}}},"fnMap":{"0":{"name":"(anonymous_0)","decl":{"start":{"line":27,"column":13},"end":{"line":27,"column":14}},"loc":{"start":{"line":27,"column":27},"end":{"line":29,"column":3}},"line":27},"1":{"name":"(anonymous_1)","decl":{"start":{"line":30,"column":22},"end":{"line":30,"column":23}},"loc":{"start":{"line":30,"column":36},"end":{"line":32,"column":3}},"line":30},"2":{"name":"(anonymous_2)","decl":{"start":{"line":46,"column":22},"end":{"line":46,"column":23}},"loc":{"start":{"line":46,"column":51},"end":{"line":75,"column":3}},"line":46},"3":{"name":"(anonymous_3)","decl":{"start":{"line":56,"column":31},"end":{"line":56,"column":32}},"loc":{"start":{"line":56,"column":52},"end":{"line":74,"column":5}},"line":56},"4":{"name":"(anonymous_4)","decl":{"start":{"line":66,"column":60},"end":{"line":66,"column":61}},"loc":{"start":{"line":66,"column":75},"end":{"line":73,"column":7}},"line":66},"5":{"name":"(anonymous_5)","decl":{"start":{"line":77,"column":22},"end":{"line":77,"column":23}},"loc":{"start":{"line":77,"column":51},"end":{"line":107,"column":1}},"line":77},"6":{"name":"(anonymous_6)","decl":{"start":{"line":95,"column":67},"end":{"line":95,"column":68}},"loc":{"start":{"line":95,"column":82},"end":{"line":106,"column":5}},"line":95},"7":{"name":"(anonymous_7)","decl":{"start":{"line":108,"column":17},"end":{"line":108,"column":18}},"loc":{"start":{"line":108,"column":37},"end":{"line":131,"column":3}},"line":108},"8":{"name":"(anonymous_8)","decl":{"start":{"line":109,"column":22},"end":{"line":109,"column":23}},"loc":{"start":{"line":109,"column":34},"end":{"line":121,"column":5}},"line":109},"9":{"name":"(anonymous_9)","decl":{"start":{"line":122,"column":52},"end":{"line":122,"column":53}},"loc":{"start":{"line":122,"column":67},"end":{"line":130,"column":5}},"line":122},"10":{"name":"(anonymous_10)","decl":{"start":{"line":133,"column":23},"end":{"line":133,"column":24}},"loc":{"start":{"line":133,"column":43},"end":{"line":150,"column":1}},"line":133},"11":{"name":"(anonymous_11)","decl":{"start":{"line":140,"column":34},"end":{"line":140,"column":35}},"loc":{"start":{"line":140,"column":49},"end":{"line":149,"column":3}},"line":140}},"branchMap":{"0":{"loc":{"start":{"line":57,"column":6},"end":{"line":61,"column":7}},"type":"if","locations":[{"start":{"line":57,"column":6},"end":{"line":61,"column":7}},{"start":{},"end":{}}],"line":57},"1":{"loc":{"start":{"line":67,"column":8},"end":{"line":72,"column":9}},"type":"if","locations":[{"start":{"line":67,"column":8},"end":{"line":72,"column":9}},{"start":{"line":70,"column":15},"end":{"line":72,"column":9}}],"line":67},"2":{"loc":{"start":{"line":96,"column":8},"end":{"line":105,"column":9}},"type":"if","locations":[{"start":{"line":96,"column":8},"end":{"line":105,"column":9}},{"start":{"line":99,"column":15},"end":{"line":105,"column":9}}],"line":96},"3":{"loc":{"start":{"line":100,"column":12},"end":{"line":104,"column":13}},"type":"if","locations":[{"start":{"line":100,"column":12},"end":{"line":104,"column":13}},{"start":{"line":102,"column":19},"end":{"line":104,"column":13}}],"line":100},"4":{"loc":{"start":{"line":123,"column":6},"end":{"line":126,"column":7}},"type":"if","locations":[{"start":{"line":123,"column":6},"end":{"line":126,"column":7}},{"start":{},"end":{}}],"line":123},"5":{"loc":{"start":{"line":139,"column":43},"end":{"line":139,"column":68}},"type":"cond-expr","locations":[{"start":{"line":139,"column":56},"end":{"line":139,"column":61}},{"start":{"line":139,"column":64},"end":{"line":139,"column":68}}],"line":139},"6":{"loc":{"start":{"line":141,"column":4},"end":{"line":145,"column":5}},"type":"if","locations":[{"start":{"line":141,"column":4},"end":{"line":145,"column":5}},{"start":{},"end":{}}],"line":141},"7":{"loc":{"start":{"line":155,"column":0},"end":{"line":157,"column":3}},"type":"if","locations":[{"start":{"line":155,"column":0},"end":{"line":157,"column":3}},{"start":{},"end":{}}],"line":155}},"s":{"0":2,"1":2,"2":2,"3":2,"4":2,"5":2,"6":2,"7":2,"8":2,"9":2,"10":2,"11":2,"12":2,"13":2,"14":2,"15":2,"16":2,"17":2,"18":2,"19":2,"20":0,"21":2,"22":1,"23":2,"24":2,"25":2,"26":2,"27":2,"28":2,"29":2,"30":2,"31":1,"32":1,"33":1,"34":1,"35":1,"36":1,"37":0,"38":0,"39":0,"40":1,"41":1,"42":1,"43":1,"44":0,"45":0,"46":1,"47":2,"48":2,"49":2,"50":2,"51":2,"52":2,"53":0,"54":0,"55":2,"56":1,"57":1,"58":2,"59":1,"60":0,"61":0,"62":0,"63":0,"64":0,"65":0,"66":0,"67":2,"68":1,"69":1,"70":1,"71":1,"72":1,"73":1,"74":1,"75":1,"76":0,"77":0,"78":0,"79":1,"80":1,"81":2,"82":0,"83":2},"f":{"0":0,"1":1,"2":1,"3":1,"4":1,"5":2,"6":2,"7":1,"8":0,"9":0,"10":1,"11":1},"b":{"0":[0,1],"1":[0,1],"2":[0,2],"3":[1,1],"4":[0,0],"5":[1,0],"6":[0,1],"7":[0,2]},"_coverageSchema":"1a1c01bbd47fc00a2c39e90264f33305004495a9","hash":"a6f5d34a64fda2e2e3b5f139bb5eb17a44111dd8"}
,"/Users/meganlaw/Downloads/sum/routes/index.js": {"path":"/Users/meganlaw/Downloads/sum/routes/index.js","statementMap":{"0":{"start":{"line":2,"column":19},"end":{"line":4,"column":1}},"1":{"start":{"line":3,"column":4},"end":{"line":3,"column":24}},"2":{"start":{"line":5,"column":0},"end":{"line":7,"column":2}}},"fnMap":{"0":{"name":"(anonymous_0)","decl":{"start":{"line":2,"column":19},"end":{"line":2,"column":20}},"loc":{"start":{"line":2,"column":39},"end":{"line":4,"column":1}},"line":2}},"branchMap":{},"s":{"0":2,"1":0,"2":2},"f":{"0":0},"b":{},"_coverageSchema":"1a1c01bbd47fc00a2c39e90264f33305004495a9","hash":"8e932cf9388bee631dbf4315eb511c6fe634e6ea"}
}
