TN:
SF:app.js
FN:27,(anonymous_0)
FN:30,(anonymous_1)
FN:46,(anonymous_2)
FN:56,(anonymous_3)
FN:66,(anonymous_4)
FN:77,(anonymous_5)
FN:95,(anonymous_6)
FN:108,(anonymous_7)
FN:109,(anonymous_8)
FN:122,(anonymous_9)
FN:133,(anonymous_10)
FN:140,(anonymous_11)
FNF:12
FNH:9
FNDA:0,(anonymous_0)
FNDA:1,(anonymous_1)
FNDA:1,(anonymous_2)
FNDA:1,(anonymous_3)
FNDA:1,(anonymous_4)
FNDA:2,(anonymous_5)
FNDA:2,(anonymous_6)
FNDA:1,(anonymous_7)
FNDA:0,(anonymous_8)
FNDA:0,(anonymous_9)
FNDA:1,(anonymous_10)
FNDA:1,(anonymous_11)
DA:2,2
DA:3,2
DA:7,2
DA:8,2
DA:10,2
DA:11,2
DA:12,2
DA:13,2
DA:14,2
DA:15,2
DA:16,2
DA:17,2
DA:18,2
DA:19,2
DA:20,2
DA:21,2
DA:23,2
DA:24,2
DA:25,2
DA:27,2
DA:28,0
DA:30,2
DA:31,1
DA:33,2
DA:34,2
DA:35,2
DA:36,2
DA:41,2
DA:43,2
DA:44,2
DA:46,2
DA:47,1
DA:48,1
DA:49,1
DA:51,1
DA:56,1
DA:57,1
DA:58,0
DA:59,0
DA:60,0
DA:63,1
DA:64,1
DA:66,1
DA:67,1
DA:68,0
DA:69,0
DA:71,1
DA:77,2
DA:78,2
DA:79,2
DA:82,2
DA:95,2
DA:96,2
DA:97,0
DA:98,0
DA:100,2
DA:101,1
DA:103,1
DA:108,2
DA:109,1
DA:110,0
DA:122,0
DA:123,0
DA:124,0
DA:125,0
DA:128,0
DA:129,0
DA:133,2
DA:134,1
DA:135,1
DA:136,1
DA:137,1
DA:138,1
DA:139,1
DA:140,1
DA:141,1
DA:142,0
DA:143,0
DA:144,0
DA:147,1
DA:148,1
DA:155,2
DA:156,0
DA:159,2
LF:84
LH:65
BRDA:57,0,0,0
BRDA:57,0,1,1
BRDA:67,1,0,0
BRDA:67,1,1,1
BRDA:96,2,0,0
BRDA:96,2,1,2
BRDA:100,3,0,1
BRDA:100,3,1,1
BRDA:123,4,0,0
BRDA:123,4,1,0
BRDA:139,5,0,1
BRDA:139,5,1,0
BRDA:141,6,0,0
BRDA:141,6,1,1
BRDA:155,7,0,0
BRDA:155,7,1,2
BRF:16
BRH:8
end_of_record
TN:
SF:routes/index.js
FN:2,(anonymous_0)
FNF:1
FNH:0
FNDA:0,(anonymous_0)
DA:2,2
DA:3,0
DA:5,2
LF:3
LH:2
BRF:0
BRH:0
end_of_record
